Performing C SOURCE FILE Test CMAKE_HAVE_LIBC_PTHREAD failed with the following output:
Change Dir: /home/bien/ros1/ros1/clone_project/humainoid/op3/project_test/op3_test/op3_test1/no2_ROBOTIS-OP3-Common/build/op3_gazebo/CMakeFiles/CMakeTmp

Run Build Command(s):/usr/bin/make cmTC_8b31d/fast && /usr/bin/make -f CMakeFiles/cmTC_8b31d.dir/build.make CMakeFiles/cmTC_8b31d.dir/build
make[1]: Entering directory '/home/bien/ros1/ros1/clone_project/humainoid/op3/project_test/op3_test/op3_test1/no2_ROBOTIS-OP3-Common/build/op3_gazebo/CMakeFiles/CMakeTmp'
Building C object CMakeFiles/cmTC_8b31d.dir/src.c.o
/usr/bin/cc   -DCMAKE_HAVE_LIBC_PTHREAD   -o CMakeFiles/cmTC_8b31d.dir/src.c.o   -c /home/bien/ros1/ros1/clone_project/humainoid/op3/project_test/op3_test/op3_test1/no2_ROBOTIS-OP3-Common/build/op3_gazebo/CMakeFiles/CMakeTmp/src.c
Linking C executable cmTC_8b31d
/usr/bin/cmake -E cmake_link_script CMakeFiles/cmTC_8b31d.dir/link.txt --verbose=1
/usr/bin/cc  -DCMAKE_HAVE_LIBC_PTHREAD    -rdynamic CMakeFiles/cmTC_8b31d.dir/src.c.o  -o cmTC_8b31d 
/usr/bin/ld: CMakeFiles/cmTC_8b31d.dir/src.c.o: in function `main':
src.c:(.text+0x46): undefined reference to `pthread_create'
/usr/bin/ld: src.c:(.text+0x52): undefined reference to `pthread_detach'
/usr/bin/ld: src.c:(.text+0x63): undefined reference to `pthread_join'
collect2: error: ld returned 1 exit status
make[1]: *** [CMakeFiles/cmTC_8b31d.dir/build.make:87: cmTC_8b31d] Error 1
make[1]: Leaving directory '/home/bien/ros1/ros1/clone_project/humainoid/op3/project_test/op3_test/op3_test1/no2_ROBOTIS-OP3-Common/build/op3_gazebo/CMakeFiles/CMakeTmp'
make: *** [Makefile:121: cmTC_8b31d/fast] Error 2


Source file was:
#include <pthread.h>

void* test_func(void* data)
{
  return data;
}

int main(void)
{
  pthread_t thread;
  pthread_create(&thread, NULL, test_func, NULL);
  pthread_detach(thread);
  pthread_join(thread, NULL);
  pthread_atfork(NULL, NULL, NULL);
  pthread_exit(NULL);

  return 0;
}

Determining if the function pthread_create exists in the pthreads failed with the following output:
Change Dir: /home/bien/ros1/ros1/clone_project/humainoid/op3/project_test/op3_test/op3_test1/no2_ROBOTIS-OP3-Common/build/op3_gazebo/CMakeFiles/CMakeTmp

Run Build Command(s):/usr/bin/make cmTC_de91e/fast && /usr/bin/make -f CMakeFiles/cmTC_de91e.dir/build.make CMakeFiles/cmTC_de91e.dir/build
make[1]: Entering directory '/home/bien/ros1/ros1/clone_project/humainoid/op3/project_test/op3_test/op3_test1/no2_ROBOTIS-OP3-Common/build/op3_gazebo/CMakeFiles/CMakeTmp'
Building C object CMakeFiles/cmTC_de91e.dir/CheckFunctionExists.c.o
/usr/bin/cc   -DCHECK_FUNCTION_EXISTS=pthread_create   -o CMakeFiles/cmTC_de91e.dir/CheckFunctionExists.c.o   -c /usr/share/cmake-3.16/Modules/CheckFunctionExists.c
Linking C executable cmTC_de91e
/usr/bin/cmake -E cmake_link_script CMakeFiles/cmTC_de91e.dir/link.txt --verbose=1
/usr/bin/cc  -DCHECK_FUNCTION_EXISTS=pthread_create    -rdynamic CMakeFiles/cmTC_de91e.dir/CheckFunctionExists.c.o  -o cmTC_de91e  -lpthreads 
/usr/bin/ld: cannot find -lpthreads
collect2: error: ld returned 1 exit status
make[1]: *** [CMakeFiles/cmTC_de91e.dir/build.make:87: cmTC_de91e] Error 1
make[1]: Leaving directory '/home/bien/ros1/ros1/clone_project/humainoid/op3/project_test/op3_test/op3_test1/no2_ROBOTIS-OP3-Common/build/op3_gazebo/CMakeFiles/CMakeTmp'
make: *** [Makefile:121: cmTC_de91e/fast] Error 2



